# JRE version: Java(TM) SE Runtime Environment (8.0_281-b09) (build 1.8.0_281-b09)
# Java VM: Java HotSpot(TM) 64-Bit Server VM (25.281-b09 mixed mode windows-amd64 compressed oops)
Heap:
 PSYoungGen      total 35328K, used 31891K [0x00000000eac00000, 0x00000000eec80000, 0x0000000100000000)
  eden space 32768K, 89% used [0x00000000eac00000,0x00000000ec8aafb0,0x00000000ecc00000)
  from space 2560K, 99% used [0x00000000ecc00000,0x00000000ece79e80,0x00000000ece80000)
  to   space 6144K, 0% used [0x00000000ee680000,0x00000000ee680000,0x00000000eec80000)
 ParOldGen       total 32768K, used 8739K [0x00000000c0400000, 0x00000000c2400000, 0x00000000eac00000)
  object space 32768K, 26% used [0x00000000c0400000,0x00000000c0c88dc8,0x00000000c2400000)
 Metaspace       used 24423K, capacity 26152K, committed 26368K, reserved 1073152K
  class space    used 3192K, capacity 3542K, committed 3584K, reserved 1048576K
GC Heap History (10 events):
Event: 1.604 GC heap before
{Heap before GC invocations=4 (full 0):
 PSYoungGen      total 18944K, used 18929K [0x00000000eac00000, 0x00000000ed100000, 0x0000000100000000)
  eden space 16384K, 100% used [0x00000000eac00000,0x00000000ebc00000,0x00000000ebc00000)
  from space 2560K, 99% used [0x00000000ebc00000,0x00000000ebe7c4a0,0x00000000ebe80000)
  to   space 2560K, 0% used [0x00000000ece80000,0x00000000ece80000,0x00000000ed100000)
 ParOldGen       total 44032K, used 3320K [0x00000000c0400000, 0x00000000c2f00000, 0x00000000eac00000)
  object space 44032K, 7% used [0x00000000c0400000,0x00000000c073e340,0x00000000c2f00000)
 Metaspace       used 14266K, capacity 15302K, committed 15360K, reserved 1062912K
  class space    used 1800K, capacity 2019K, committed 2048K, reserved 1048576K
Event: 1.609 GC heap after
Heap after GC invocations=4 (full 0):
 PSYoungGen      total 35328K, used 2537K [0x00000000eac00000, 0x00000000ed100000, 0x0000000100000000)
  eden space 32768K, 0% used [0x00000000eac00000,0x00000000eac00000,0x00000000ecc00000)
  from space 2560K, 99% used [0x00000000ece80000,0x00000000ed0fa4b0,0x00000000ed100000)
  to   space 2560K, 0% used [0x00000000ecc00000,0x00000000ecc00000,0x00000000ece80000)
 ParOldGen       total 44032K, used 5039K [0x00000000c0400000, 0x00000000c2f00000, 0x00000000eac00000)
  object space 44032K, 11% used [0x00000000c0400000,0x00000000c08ebf48,0x00000000c2f00000)
 Metaspace       used 14266K, capacity 15302K, committed 15360K, reserved 1062912K
  class space    used 1800K, capacity 2019K, committed 2048K, reserved 1048576K
}
Event: 2.092 GC heap before
{Heap before GC invocations=5 (full 0):
 PSYoungGen      total 35328K, used 35305K [0x00000000eac00000, 0x00000000ed100000, 0x0000000100000000)
  eden space 32768K, 100% used [0x00000000eac00000,0x00000000ecc00000,0x00000000ecc00000)
  from space 2560K, 99% used [0x00000000ece80000,0x00000000ed0fa4b0,0x00000000ed100000)
  to   space 2560K, 0% used [0x00000000ecc00000,0x00000000ecc00000,0x00000000ece80000)
 ParOldGen       total 44032K, used 5039K [0x00000000c0400000, 0x00000000c2f00000, 0x00000000eac00000)
  object space 44032K, 11% used [0x00000000c0400000,0x00000000c08ebf48,0x00000000c2f00000)
 Metaspace       used 17760K, capacity 19150K, committed 19328K, reserved 1067008K
  class space    used 2328K, capacity 2579K, committed 2688K, reserved 1048576K
Event: 2.098 GC heap after
Heap after GC invocations=5 (full 0):
 PSYoungGen      total 35328K, used 2558K [0x00000000eac00000, 0x00000000ed100000, 0x0000000100000000)
  eden space 32768K, 0% used [0x00000000eac00000,0x00000000eac00000,0x00000000ecc00000)
  from space 2560K, 99% used [0x00000000ecc00000,0x00000000ece7f9e8,0x00000000ece80000)
  to   space 2560K, 0% used [0x00000000ece80000,0x00000000ece80000,0x00000000ed100000)
 ParOldGen       total 44032K, used 8749K [0x00000000c0400000, 0x00000000c2f00000, 0x00000000eac00000)
  object space 44032K, 19% used [0x00000000c0400000,0x00000000c0c8b6c8,0x00000000c2f00000)
 Metaspace       used 17760K, capacity 19150K, committed 19328K, reserved 1067008K
  class space    used 2328K, capacity 2579K, committed 2688K, reserved 1048576K
}
Event: 2.175 GC heap before
{Heap before GC invocations=6 (full 0):
 PSYoungGen      total 35328K, used 17278K [0x00000000eac00000, 0x00000000ed100000, 0x0000000100000000)
  eden space 32768K, 44% used [0x00000000eac00000,0x00000000eba601d0,0x00000000ecc00000)
  from space 2560K, 99% used [0x00000000ecc00000,0x00000000ece7f9e8,0x00000000ece80000)
  to   space 2560K, 0% used [0x00000000ece80000,0x00000000ece80000,0x00000000ed100000)
 ParOldGen       total 44032K, used 8749K [0x00000000c0400000, 0x00000000c2f00000, 0x00000000eac00000)
  object space 44032K, 19% used [0x00000000c0400000,0x00000000c0c8b6c8,0x00000000c2f00000)
 Metaspace       used 19818K, capacity 21172K, committed 21296K, reserved 1067008K
  class space    used 2545K, capacity 2824K, committed 2944K, reserved 1048576K
Event: 2.179 GC heap after
Heap after GC invocations=6 (full 0):
 PSYoungGen      total 35328K, used 2552K [0x00000000eac00000, 0x00000000ed100000, 0x0000000100000000)
  eden space 32768K, 0% used [0x00000000eac00000,0x00000000eac00000,0x00000000ecc00000)
  from space 2560K, 99% used [0x00000000ece80000,0x00000000ed0fe0e8,0x00000000ed100000)
  to   space 2560K, 0% used [0x00000000ecc00000,0x00000000ecc00000,0x00000000ece80000)
 ParOldGen       total 44032K, used 11033K [0x00000000c0400000, 0x00000000c2f00000, 0x00000000eac00000)
  object space 44032K, 25% used [0x00000000c0400000,0x00000000c0ec6598,0x00000000c2f00000)
 Metaspace       used 19818K, capacity 21172K, committed 21296K, reserved 1067008K
  class space    used 2545K, capacity 2824K, committed 2944K, reserved 1048576K
}
Event: 2.179 GC heap before
{Heap before GC invocations=7 (full 1):
 PSYoungGen      total 35328K, used 2552K [0x00000000eac00000, 0x00000000ed100000, 0x0000000100000000)
  eden space 32768K, 0% used [0x00000000eac00000,0x00000000eac00000,0x00000000ecc00000)
  from space 2560K, 99% used [0x00000000ece80000,0x00000000ed0fe0e8,0x00000000ed100000)
  to   space 2560K, 0% used [0x00000000ecc00000,0x00000000ecc00000,0x00000000ece80000)
 ParOldGen       total 44032K, used 11033K [0x00000000c0400000, 0x00000000c2f00000, 0x00000000eac00000)
  object space 44032K, 25% used [0x00000000c0400000,0x00000000c0ec6598,0x00000000c2f00000)
 Metaspace       used 19818K, capacity 21172K, committed 21296K, reserved 1067008K
  class space    used 2545K, capacity 2824K, committed 2944K, reserved 1048576K
Event: 2.201 GC heap after
Heap after GC invocations=7 (full 1):
 PSYoungGen      total 35328K, used 0K [0x00000000eac00000, 0x00000000ed100000, 0x0000000100000000)
  eden space 32768K, 0% used [0x00000000eac00000,0x00000000eac00000,0x00000000ecc00000)
  from space 2560K, 0% used [0x00000000ece80000,0x00000000ece80000,0x00000000ed100000)
  to   space 2560K, 0% used [0x00000000ecc00000,0x00000000ecc00000,0x00000000ece80000)
 ParOldGen       total 32768K, used 6557K [0x00000000c0400000, 0x00000000c2400000, 0x00000000eac00000)
  object space 32768K, 20% used [0x00000000c0400000,0x00000000c0a67658,0x00000000c2400000)
 Metaspace       used 19818K, capacity 21172K, committed 21296K, reserved 1067008K
  class space    used 2545K, capacity 2824K, committed 2944K, reserved 1048576K
}
Event: 2.405 GC heap before
{Heap before GC invocations=8 (full 1):
 PSYoungGen      total 35328K, used 32768K [0x00000000eac00000, 0x00000000ed100000, 0x0000000100000000)
  eden space 32768K, 100% used [0x00000000eac00000,0x00000000ecc00000,0x00000000ecc00000)
  from space 2560K, 0% used [0x00000000ece80000,0x00000000ece80000,0x00000000ed100000)
  to   space 2560K, 0% used [0x00000000ecc00000,0x00000000ecc00000,0x00000000ece80000)
 ParOldGen       total 32768K, used 6557K [0x00000000c0400000, 0x00000000c2400000, 0x00000000eac00000)
  object space 32768K, 20% used [0x00000000c0400000,0x00000000c0a67658,0x00000000c2400000)
 Metaspace       used 22869K, capacity 24360K, committed 24576K, reserved 1071104K
  class space    used 2996K, capacity 3300K, committed 3328K, reserved 1048576K
Event: 2.407 GC heap after
Heap after GC invocations=8 (full 1):
 PSYoungGen      total 35328K, used 2535K [0x00000000eac00000, 0x00000000eec80000, 0x0000000100000000)
  eden space 32768K, 0% used [0x00000000eac00000,0x00000000eac00000,0x00000000ecc00000)
  from space 2560K, 99% used [0x00000000ecc00000,0x00000000ece79e80,0x00000000ece80000)
  to   space 6144K, 0% used [0x00000000ee680000,0x00000000ee680000,0x00000000eec80000)
 ParOldGen       total 32768K, used 8739K [0x00000000c0400000, 0x00000000c2400000, 0x00000000eac00000)
  object space 32768K, 26% used [0x00000000c0400000,0x00000000c0c88dc8,0x00000000c2400000)
 Metaspace       used 22869K, capacity 24360K, committed 24576K, reserved 1071104K
  class space    used 2996K, capacity 3300K, committed 3328K, reserved 1048576K
}

